10-07-2024 15:54:42.657 [main] INFO  o.s.web.servlet.DispatcherServlet.initServletBean - Initializing Servlet 'dispatcher'
10-07-2024 15:54:43.814 [main] INFO  o.h.jpa.internal.util.LogHelper.logPersistenceUnitInformation - HHH000204: Processing PersistenceUnitInfo [name: default]
10-07-2024 15:54:43.941 [main] INFO  org.hibernate.Version.logVersion - HHH000412: Hibernate ORM core version 5.6.15.Final
10-07-2024 15:54:44.352 [main] INFO  o.h.annotations.common.Version.<clinit> - HCANN000001: Hibernate Commons Annotations {5.1.2.Final}
10-07-2024 15:54:45.449 [main] INFO  org.hibernate.dialect.Dialect.<init> - HHH000400: Using dialect: org.hibernate.dialect.MySQL8Dialect
10-07-2024 15:54:46.067 [main] INFO  o.h.validator.internal.util.Version.<clinit> - HV000001: Hibernate Validator 5.4.3.Final
10-07-2024 15:54:47.087 [main] INFO  o.h.e.t.j.p.i.JtaPlatformInitiator.initiateService - HHH000490: Using JtaPlatform implementation: [org.hibernate.engine.transaction.jta.platform.internal.NoJtaPlatform]
10-07-2024 15:54:47.318 [main] INFO  o.s.o.j.LocalContainerEntityManagerFactoryBean.buildNativeEntityManagerFactory - Initialized JPA EntityManagerFactory for persistence unit 'default'
10-07-2024 15:54:47.337 [main] INFO  c.x.x.c.DepartmentAdminController.<init> - Created DepartmentAdminController
10-07-2024 15:54:47.939 [main] INFO  o.s.web.servlet.DispatcherServlet.initServletBean - Completed initialization in 5277 ms
10-07-2024 15:55:49.661 [Thread-4] INFO  o.s.o.j.LocalContainerEntityManagerFactoryBean.destroy - Closing JPA EntityManagerFactory for persistence unit 'default'
10-07-2024 15:55:55.698 [main] INFO  o.s.web.servlet.DispatcherServlet.initServletBean - Initializing Servlet 'dispatcher'
10-07-2024 15:55:56.667 [main] INFO  o.h.jpa.internal.util.LogHelper.logPersistenceUnitInformation - HHH000204: Processing PersistenceUnitInfo [name: default]
10-07-2024 15:55:56.794 [main] INFO  org.hibernate.Version.logVersion - HHH000412: Hibernate ORM core version 5.6.15.Final
10-07-2024 15:55:57.166 [main] INFO  o.h.annotations.common.Version.<clinit> - HCANN000001: Hibernate Commons Annotations {5.1.2.Final}
10-07-2024 15:55:58.189 [main] INFO  org.hibernate.dialect.Dialect.<init> - HHH000400: Using dialect: org.hibernate.dialect.MySQL8Dialect
10-07-2024 15:55:58.782 [main] INFO  o.h.validator.internal.util.Version.<clinit> - HV000001: Hibernate Validator 5.4.3.Final
10-07-2024 15:55:59.776 [main] INFO  o.h.e.t.j.p.i.JtaPlatformInitiator.initiateService - HHH000490: Using JtaPlatform implementation: [org.hibernate.engine.transaction.jta.platform.internal.NoJtaPlatform]
10-07-2024 15:56:00.016 [main] INFO  o.s.o.j.LocalContainerEntityManagerFactoryBean.buildNativeEntityManagerFactory - Initialized JPA EntityManagerFactory for persistence unit 'default'
10-07-2024 15:56:00.038 [main] INFO  c.x.x.c.DepartmentAdminController.<init> - Created DepartmentAdminController
10-07-2024 15:56:00.641 [main] INFO  o.s.web.servlet.DispatcherServlet.initServletBean - Completed initialization in 4937 ms
10-07-2024 15:56:15.478 [http-nio-8080-exec-3] WARN  o.s.web.servlet.PageNotFound.noHandlerFound - No mapping for GET /xworkzProject/departmentAdmin/emailValidation
10-07-2024 15:56:49.299 [Thread-4] INFO  o.s.o.j.LocalContainerEntityManagerFactoryBean.destroy - Closing JPA EntityManagerFactory for persistence unit 'default'
10-07-2024 15:56:58.636 [main] INFO  o.s.web.servlet.DispatcherServlet.initServletBean - Initializing Servlet 'dispatcher'
10-07-2024 15:56:59.621 [main] INFO  o.h.jpa.internal.util.LogHelper.logPersistenceUnitInformation - HHH000204: Processing PersistenceUnitInfo [name: default]
10-07-2024 15:56:59.750 [main] INFO  org.hibernate.Version.logVersion - HHH000412: Hibernate ORM core version 5.6.15.Final
10-07-2024 15:57:00.136 [main] INFO  o.h.annotations.common.Version.<clinit> - HCANN000001: Hibernate Commons Annotations {5.1.2.Final}
10-07-2024 15:57:01.177 [main] INFO  org.hibernate.dialect.Dialect.<init> - HHH000400: Using dialect: org.hibernate.dialect.MySQL8Dialect
10-07-2024 15:57:01.766 [main] INFO  o.h.validator.internal.util.Version.<clinit> - HV000001: Hibernate Validator 5.4.3.Final
10-07-2024 15:57:02.771 [main] INFO  o.h.e.t.j.p.i.JtaPlatformInitiator.initiateService - HHH000490: Using JtaPlatform implementation: [org.hibernate.engine.transaction.jta.platform.internal.NoJtaPlatform]
10-07-2024 15:57:03.000 [main] INFO  o.s.o.j.LocalContainerEntityManagerFactoryBean.buildNativeEntityManagerFactory - Initialized JPA EntityManagerFactory for persistence unit 'default'
10-07-2024 15:57:03.019 [main] INFO  c.x.x.c.DepartmentAdminController.<init> - Created DepartmentAdminController
10-07-2024 15:57:03.605 [main] INFO  o.s.web.servlet.DispatcherServlet.initServletBean - Completed initialization in 4963 ms
10-07-2024 16:01:11.911 [http-nio-8080-exec-7] WARN  o.s.web.servlet.PageNotFound.noHandlerFound - No mapping for GET /xworkzProject/phoneValidation
10-07-2024 16:01:15.693 [http-nio-8080-exec-8] WARN  o.s.web.servlet.PageNotFound.noHandlerFound - No mapping for GET /xworkzProject/phoneValidation
10-07-2024 16:02:37.331 [Thread-4] INFO  o.s.o.j.LocalContainerEntityManagerFactoryBean.destroy - Closing JPA EntityManagerFactory for persistence unit 'default'
10-07-2024 16:02:46.391 [main] INFO  o.s.web.servlet.DispatcherServlet.initServletBean - Initializing Servlet 'dispatcher'
10-07-2024 16:02:47.505 [main] INFO  o.h.jpa.internal.util.LogHelper.logPersistenceUnitInformation - HHH000204: Processing PersistenceUnitInfo [name: default]
10-07-2024 16:02:47.634 [main] INFO  org.hibernate.Version.logVersion - HHH000412: Hibernate ORM core version 5.6.15.Final
10-07-2024 16:02:48.008 [main] INFO  o.h.annotations.common.Version.<clinit> - HCANN000001: Hibernate Commons Annotations {5.1.2.Final}
10-07-2024 16:02:49.056 [main] INFO  org.hibernate.dialect.Dialect.<init> - HHH000400: Using dialect: org.hibernate.dialect.MySQL8Dialect
10-07-2024 16:02:49.692 [main] INFO  o.h.validator.internal.util.Version.<clinit> - HV000001: Hibernate Validator 5.4.3.Final
10-07-2024 16:02:50.841 [main] INFO  o.h.e.t.j.p.i.JtaPlatformInitiator.initiateService - HHH000490: Using JtaPlatform implementation: [org.hibernate.engine.transaction.jta.platform.internal.NoJtaPlatform]
10-07-2024 16:02:51.206 [main] INFO  o.s.o.j.LocalContainerEntityManagerFactoryBean.buildNativeEntityManagerFactory - Initialized JPA EntityManagerFactory for persistence unit 'default'
10-07-2024 16:02:51.233 [main] INFO  c.x.x.c.DepartmentAdminController.<init> - Created DepartmentAdminController
10-07-2024 16:02:52.228 [main] INFO  o.s.web.servlet.DispatcherServlet.initServletBean - Completed initialization in 5832 ms
10-07-2024 16:49:39.009 [Thread-4] INFO  o.s.o.j.LocalContainerEntityManagerFactoryBean.destroy - Closing JPA EntityManagerFactory for persistence unit 'default'
10-07-2024 16:49:46.735 [main] INFO  o.s.web.servlet.DispatcherServlet.initServletBean - Initializing Servlet 'dispatcher'
10-07-2024 16:49:47.963 [main] INFO  o.h.jpa.internal.util.LogHelper.logPersistenceUnitInformation - HHH000204: Processing PersistenceUnitInfo [name: default]
10-07-2024 16:49:48.192 [main] INFO  org.hibernate.Version.logVersion - HHH000412: Hibernate ORM core version 5.6.15.Final
10-07-2024 16:49:48.760 [main] INFO  o.h.annotations.common.Version.<clinit> - HCANN000001: Hibernate Commons Annotations {5.1.2.Final}
10-07-2024 16:49:50.096 [main] INFO  org.hibernate.dialect.Dialect.<init> - HHH000400: Using dialect: org.hibernate.dialect.MySQL8Dialect
10-07-2024 16:49:50.980 [main] INFO  o.h.validator.internal.util.Version.<clinit> - HV000001: Hibernate Validator 5.4.3.Final
10-07-2024 16:49:52.489 [main] INFO  o.h.e.t.j.p.i.JtaPlatformInitiator.initiateService - HHH000490: Using JtaPlatform implementation: [org.hibernate.engine.transaction.jta.platform.internal.NoJtaPlatform]
10-07-2024 16:49:52.732 [main] INFO  o.s.o.j.LocalContainerEntityManagerFactoryBean.buildNativeEntityManagerFactory - Initialized JPA EntityManagerFactory for persistence unit 'default'
10-07-2024 16:49:52.751 [main] INFO  c.x.x.c.DepartmentAdminController.<init> - Created DepartmentAdminController
10-07-2024 16:49:53.325 [main] INFO  o.s.web.servlet.DispatcherServlet.initServletBean - Completed initialization in 6585 ms
10-07-2024 16:50:33.490 [Thread-4] INFO  o.s.o.j.LocalContainerEntityManagerFactoryBean.destroy - Closing JPA EntityManagerFactory for persistence unit 'default'
10-07-2024 16:50:39.240 [main] INFO  o.s.web.servlet.DispatcherServlet.initServletBean - Initializing Servlet 'dispatcher'
10-07-2024 16:50:40.216 [main] INFO  o.h.jpa.internal.util.LogHelper.logPersistenceUnitInformation - HHH000204: Processing PersistenceUnitInfo [name: default]
10-07-2024 16:50:40.341 [main] INFO  org.hibernate.Version.logVersion - HHH000412: Hibernate ORM core version 5.6.15.Final
10-07-2024 16:50:40.719 [main] INFO  o.h.annotations.common.Version.<clinit> - HCANN000001: Hibernate Commons Annotations {5.1.2.Final}
10-07-2024 16:50:41.745 [main] INFO  org.hibernate.dialect.Dialect.<init> - HHH000400: Using dialect: org.hibernate.dialect.MySQL8Dialect
10-07-2024 16:50:42.323 [main] INFO  o.h.validator.internal.util.Version.<clinit> - HV000001: Hibernate Validator 5.4.3.Final
10-07-2024 16:50:43.332 [main] INFO  o.h.e.t.j.p.i.JtaPlatformInitiator.initiateService - HHH000490: Using JtaPlatform implementation: [org.hibernate.engine.transaction.jta.platform.internal.NoJtaPlatform]
10-07-2024 16:50:43.565 [main] INFO  o.s.o.j.LocalContainerEntityManagerFactoryBean.buildNativeEntityManagerFactory - Initialized JPA EntityManagerFactory for persistence unit 'default'
10-07-2024 16:50:43.581 [main] INFO  c.x.x.c.DepartmentAdminController.<init> - Created DepartmentAdminController
10-07-2024 16:50:44.125 [main] INFO  o.s.web.servlet.DispatcherServlet.initServletBean - Completed initialization in 4878 ms
10-07-2024 16:51:42.038 [Thread-4] INFO  o.s.o.j.LocalContainerEntityManagerFactoryBean.destroy - Closing JPA EntityManagerFactory for persistence unit 'default'
10-07-2024 16:51:48.187 [main] INFO  o.s.web.servlet.DispatcherServlet.initServletBean - Initializing Servlet 'dispatcher'
10-07-2024 16:51:49.152 [main] INFO  o.h.jpa.internal.util.LogHelper.logPersistenceUnitInformation - HHH000204: Processing PersistenceUnitInfo [name: default]
10-07-2024 16:51:49.278 [main] INFO  org.hibernate.Version.logVersion - HHH000412: Hibernate ORM core version 5.6.15.Final
10-07-2024 16:51:49.649 [main] INFO  o.h.annotations.common.Version.<clinit> - HCANN000001: Hibernate Commons Annotations {5.1.2.Final}
10-07-2024 16:51:50.692 [main] INFO  org.hibernate.dialect.Dialect.<init> - HHH000400: Using dialect: org.hibernate.dialect.MySQL8Dialect
10-07-2024 16:51:51.322 [main] INFO  o.h.validator.internal.util.Version.<clinit> - HV000001: Hibernate Validator 5.4.3.Final
10-07-2024 16:51:52.370 [main] INFO  o.h.e.t.j.p.i.JtaPlatformInitiator.initiateService - HHH000490: Using JtaPlatform implementation: [org.hibernate.engine.transaction.jta.platform.internal.NoJtaPlatform]
10-07-2024 16:51:52.607 [main] INFO  o.s.o.j.LocalContainerEntityManagerFactoryBean.buildNativeEntityManagerFactory - Initialized JPA EntityManagerFactory for persistence unit 'default'
10-07-2024 16:51:52.625 [main] INFO  c.x.x.c.DepartmentAdminController.<init> - Created DepartmentAdminController
10-07-2024 16:51:53.353 [main] INFO  o.s.web.servlet.DispatcherServlet.initServletBean - Completed initialization in 5160 ms
10-07-2024 16:52:33.255 [http-nio-8080-exec-5] WARN  o.s.web.servlet.PageNotFound.noHandlerFound - No mapping for GET /xworkzProject/emailValidation
10-07-2024 16:52:35.056 [http-nio-8080-exec-6] WARN  o.s.web.servlet.PageNotFound.noHandlerFound - No mapping for GET /xworkzProject/emailValidation
10-07-2024 17:32:00.324 [Thread-4] INFO  o.s.o.j.LocalContainerEntityManagerFactoryBean.destroy - Closing JPA EntityManagerFactory for persistence unit 'default'
10-07-2024 17:56:07.320 [main] INFO  o.s.web.servlet.DispatcherServlet.initServletBean - Initializing Servlet 'dispatcher'
10-07-2024 17:56:08.614 [main] INFO  o.h.jpa.internal.util.LogHelper.logPersistenceUnitInformation - HHH000204: Processing PersistenceUnitInfo [name: default]
10-07-2024 17:56:08.844 [main] INFO  org.hibernate.Version.logVersion - HHH000412: Hibernate ORM core version 5.6.15.Final
10-07-2024 17:56:09.419 [main] INFO  o.h.annotations.common.Version.<clinit> - HCANN000001: Hibernate Commons Annotations {5.1.2.Final}
10-07-2024 17:56:10.853 [main] INFO  org.hibernate.dialect.Dialect.<init> - HHH000400: Using dialect: org.hibernate.dialect.MySQL8Dialect
10-07-2024 17:56:11.723 [main] INFO  o.h.validator.internal.util.Version.<clinit> - HV000001: Hibernate Validator 5.4.3.Final
10-07-2024 17:56:12.946 [main] INFO  o.h.e.t.j.p.i.JtaPlatformInitiator.initiateService - HHH000490: Using JtaPlatform implementation: [org.hibernate.engine.transaction.jta.platform.internal.NoJtaPlatform]
10-07-2024 17:56:13.211 [main] INFO  o.s.o.j.LocalContainerEntityManagerFactoryBean.buildNativeEntityManagerFactory - Initialized JPA EntityManagerFactory for persistence unit 'default'
10-07-2024 17:56:13.228 [main] INFO  c.x.x.c.DepartmentAdminController.<init> - Created DepartmentAdminController
10-07-2024 17:56:13.878 [main] INFO  o.s.web.servlet.DispatcherServlet.initServletBean - Completed initialization in 6549 ms
10-07-2024 18:00:02.957 [Thread-4] INFO  o.s.o.j.LocalContainerEntityManagerFactoryBean.destroy - Closing JPA EntityManagerFactory for persistence unit 'default'
10-07-2024 18:00:12.738 [main] INFO  o.s.web.servlet.DispatcherServlet.initServletBean - Initializing Servlet 'dispatcher'
10-07-2024 18:00:13.769 [main] INFO  o.h.jpa.internal.util.LogHelper.logPersistenceUnitInformation - HHH000204: Processing PersistenceUnitInfo [name: default]
10-07-2024 18:00:13.898 [main] INFO  org.hibernate.Version.logVersion - HHH000412: Hibernate ORM core version 5.6.15.Final
10-07-2024 18:00:14.276 [main] INFO  o.h.annotations.common.Version.<clinit> - HCANN000001: Hibernate Commons Annotations {5.1.2.Final}
10-07-2024 18:00:15.328 [main] INFO  org.hibernate.dialect.Dialect.<init> - HHH000400: Using dialect: org.hibernate.dialect.MySQL8Dialect
10-07-2024 18:00:15.930 [main] INFO  o.h.validator.internal.util.Version.<clinit> - HV000001: Hibernate Validator 5.4.3.Final
10-07-2024 18:00:16.947 [main] INFO  o.h.e.t.j.p.i.JtaPlatformInitiator.initiateService - HHH000490: Using JtaPlatform implementation: [org.hibernate.engine.transaction.jta.platform.internal.NoJtaPlatform]
10-07-2024 18:00:17.182 [main] INFO  o.s.o.j.LocalContainerEntityManagerFactoryBean.buildNativeEntityManagerFactory - Initialized JPA EntityManagerFactory for persistence unit 'default'
10-07-2024 18:00:17.200 [main] INFO  c.x.x.c.DepartmentAdminController.<init> - Created DepartmentAdminController
10-07-2024 18:00:17.819 [main] INFO  o.s.web.servlet.DispatcherServlet.initServletBean - Completed initialization in 5070 ms
10-07-2024 18:26:39.518 [Thread-4] INFO  o.s.o.j.LocalContainerEntityManagerFactoryBean.destroy - Closing JPA EntityManagerFactory for persistence unit 'default'
10-07-2024 18:26:51.151 [main] INFO  o.s.web.servlet.DispatcherServlet.initServletBean - Initializing Servlet 'dispatcher'
10-07-2024 18:26:52.285 [main] INFO  o.h.jpa.internal.util.LogHelper.logPersistenceUnitInformation - HHH000204: Processing PersistenceUnitInfo [name: default]
10-07-2024 18:26:52.490 [main] INFO  org.hibernate.Version.logVersion - HHH000412: Hibernate ORM core version 5.6.15.Final
10-07-2024 18:26:52.891 [main] INFO  o.h.annotations.common.Version.<clinit> - HCANN000001: Hibernate Commons Annotations {5.1.2.Final}
10-07-2024 18:26:54.424 [main] INFO  org.hibernate.dialect.Dialect.<init> - HHH000400: Using dialect: org.hibernate.dialect.MySQL8Dialect
10-07-2024 18:26:55.259 [main] INFO  o.h.validator.internal.util.Version.<clinit> - HV000001: Hibernate Validator 5.4.3.Final
10-07-2024 18:26:56.647 [main] INFO  o.h.e.t.j.p.i.JtaPlatformInitiator.initiateService - HHH000490: Using JtaPlatform implementation: [org.hibernate.engine.transaction.jta.platform.internal.NoJtaPlatform]
10-07-2024 18:26:56.892 [main] INFO  o.s.o.j.LocalContainerEntityManagerFactoryBean.buildNativeEntityManagerFactory - Initialized JPA EntityManagerFactory for persistence unit 'default'
10-07-2024 18:26:56.914 [main] INFO  c.x.x.c.DepartmentAdminController.<init> - Created DepartmentAdminController
10-07-2024 18:26:56.950 [main] INFO  c.x.x.repo.SignUpRepoImpl.<init> - Created SignUpRepoImpl
10-07-2024 18:26:56.951 [main] INFO  c.x.x.service.ImageServiceImpl.<init> - created ImageServiceImpl
10-07-2024 18:26:57.521 [main] INFO  o.s.web.servlet.DispatcherServlet.initServletBean - Completed initialization in 6362 ms
10-07-2024 18:28:13.354 [Thread-4] INFO  o.s.o.j.LocalContainerEntityManagerFactoryBean.destroy - Closing JPA EntityManagerFactory for persistence unit 'default'
10-07-2024 18:28:22.426 [main] INFO  o.s.web.servlet.DispatcherServlet.initServletBean - Initializing Servlet 'dispatcher'
10-07-2024 18:28:23.183 [main] INFO  c.x.x.configuration.DBConfiguration.<init> - Created DBConfiguration
10-07-2024 18:28:23.237 [main] INFO  c.x.x.configuration.DBConfiguration.dataSource - Data Source is created
10-07-2024 18:28:23.249 [main] INFO  c.x.x.configuration.DBConfiguration.entityManagerFactoryBean - Created LocalContainerEntityManagerFactoryBean
10-07-2024 18:28:23.429 [main] INFO  o.h.jpa.internal.util.LogHelper.logPersistenceUnitInformation - HHH000204: Processing PersistenceUnitInfo [name: default]
10-07-2024 18:28:23.562 [main] INFO  org.hibernate.Version.logVersion - HHH000412: Hibernate ORM core version 5.6.15.Final
10-07-2024 18:28:23.937 [main] INFO  o.h.annotations.common.Version.<clinit> - HCANN000001: Hibernate Commons Annotations {5.1.2.Final}
10-07-2024 18:28:25.041 [main] INFO  org.hibernate.dialect.Dialect.<init> - HHH000400: Using dialect: org.hibernate.dialect.MySQL8Dialect
10-07-2024 18:28:25.634 [main] INFO  o.h.validator.internal.util.Version.<clinit> - HV000001: Hibernate Validator 5.4.3.Final
10-07-2024 18:28:26.663 [main] INFO  o.h.e.t.j.p.i.JtaPlatformInitiator.initiateService - HHH000490: Using JtaPlatform implementation: [org.hibernate.engine.transaction.jta.platform.internal.NoJtaPlatform]
10-07-2024 18:28:26.899 [main] INFO  o.s.o.j.LocalContainerEntityManagerFactoryBean.buildNativeEntityManagerFactory - Initialized JPA EntityManagerFactory for persistence unit 'default'
10-07-2024 18:28:26.905 [main] INFO  c.x.x.c.SpringConfiguration.<init> - Created SpringConfiguration
10-07-2024 18:28:26.919 [main] INFO  c.x.x.c.DepartmentAdminController.<init> - Created DepartmentAdminController
10-07-2024 18:28:26.952 [main] INFO  c.x.x.repo.SignUpRepoImpl.<init> - Created SignUpRepoImpl
10-07-2024 18:28:26.953 [main] INFO  c.x.x.service.ImageServiceImpl.<init> - created ImageServiceImpl
10-07-2024 18:28:27.473 [main] INFO  c.x.x.c.SpringConfiguration.viewResolver - Created ViewResolver
10-07-2024 18:28:27.522 [main] INFO  o.s.web.servlet.DispatcherServlet.initServletBean - Completed initialization in 5091 ms
10-07-2024 21:55:47.773 [Thread-4] INFO  o.s.o.j.LocalContainerEntityManagerFactoryBean.destroy - Closing JPA EntityManagerFactory for persistence unit 'default'
10-07-2024 21:58:06.968 [main] INFO  o.s.web.servlet.DispatcherServlet.initServletBean - Initializing Servlet 'dispatcher'
10-07-2024 21:58:08.149 [main] INFO  c.x.x.configuration.DBConfiguration.<init> - Created DBConfiguration
10-07-2024 21:58:08.228 [main] INFO  c.x.x.configuration.DBConfiguration.dataSource - Data Source is created
10-07-2024 21:58:08.243 [main] INFO  c.x.x.configuration.DBConfiguration.entityManagerFactoryBean - Created LocalContainerEntityManagerFactoryBean
10-07-2024 21:58:08.522 [main] INFO  o.h.jpa.internal.util.LogHelper.logPersistenceUnitInformation - HHH000204: Processing PersistenceUnitInfo [name: default]
10-07-2024 21:58:08.747 [main] INFO  org.hibernate.Version.logVersion - HHH000412: Hibernate ORM core version 5.6.15.Final
10-07-2024 21:58:09.267 [main] INFO  o.h.annotations.common.Version.<clinit> - HCANN000001: Hibernate Commons Annotations {5.1.2.Final}
10-07-2024 21:58:10.819 [main] INFO  org.hibernate.dialect.Dialect.<init> - HHH000400: Using dialect: org.hibernate.dialect.MySQL8Dialect
10-07-2024 21:58:11.726 [main] INFO  o.h.validator.internal.util.Version.<clinit> - HV000001: Hibernate Validator 5.4.3.Final
10-07-2024 21:58:13.278 [main] INFO  o.h.e.t.j.p.i.JtaPlatformInitiator.initiateService - HHH000490: Using JtaPlatform implementation: [org.hibernate.engine.transaction.jta.platform.internal.NoJtaPlatform]
10-07-2024 21:58:13.652 [main] INFO  o.s.o.j.LocalContainerEntityManagerFactoryBean.buildNativeEntityManagerFactory - Initialized JPA EntityManagerFactory for persistence unit 'default'
10-07-2024 21:58:13.661 [main] INFO  c.x.x.c.SpringConfiguration.<init> - Created SpringConfiguration
10-07-2024 21:58:13.679 [main] INFO  c.x.x.c.DepartmentAdminController.<init> - Created DepartmentAdminController
10-07-2024 21:58:13.745 [main] INFO  c.x.x.repo.SignUpRepoImpl.<init> - Created SignUpRepoImpl
10-07-2024 21:58:13.746 [main] INFO  c.x.x.service.ImageServiceImpl.<init> - created ImageServiceImpl
10-07-2024 21:58:14.549 [main] INFO  c.x.x.c.SpringConfiguration.viewResolver - Created ViewResolver
10-07-2024 21:58:14.643 [main] INFO  o.s.web.servlet.DispatcherServlet.initServletBean - Completed initialization in 7664 ms
10-07-2024 22:00:09.899 [http-nio-8080-exec-6] INFO  c.x.x.service.EmployeeServiceImpl.findByEmail - Email is not found
10-07-2024 22:00:26.469 [http-nio-8080-exec-8] WARN  o.s.web.servlet.PageNotFound.noHandlerFound - No mapping for GET /xworkzProject/phoneValidation
10-07-2024 22:03:51.809 [http-nio-8080-exec-4] INFO  c.x.x.service.EmployeeServiceImpl.findByEmail - Email is not found
10-07-2024 22:04:09.672 [http-nio-8080-exec-7] INFO  c.x.x.service.EmployeeServiceImpl.validateEmail - Running validateEmail in Service
10-07-2024 22:04:09.703 [http-nio-8080-exec-7] INFO  c.x.x.service.EmployeeServiceImpl.validatePhone - Running validatePhone in Service
10-07-2024 22:04:26.699 [http-nio-8080-exec-7] WARN  o.h.e.jdbc.spi.SqlExceptionHelper.logExceptions - SQL Error: 1406, SQLState: 22001
10-07-2024 22:04:26.699 [http-nio-8080-exec-7] ERROR o.h.e.jdbc.spi.SqlExceptionHelper.logExceptions - Data truncation: Data too long for column 'password' at row 1
10-07-2024 22:07:29.559 [http-nio-8080-exec-2] INFO  c.x.x.service.EmployeeServiceImpl.findByEmail - Email is not found
10-07-2024 22:07:35.966 [http-nio-8080-exec-6] INFO  c.x.x.service.EmployeeServiceImpl.validateEmail - Running validateEmail in Service
10-07-2024 22:07:35.990 [http-nio-8080-exec-6] INFO  c.x.x.service.EmployeeServiceImpl.validatePhone - Running validatePhone in Service
10-07-2024 22:14:09.893 [Thread-4] INFO  o.s.o.j.LocalContainerEntityManagerFactoryBean.destroy - Closing JPA EntityManagerFactory for persistence unit 'default'
10-07-2024 22:14:19.878 [main] INFO  o.s.web.servlet.DispatcherServlet.initServletBean - Initializing Servlet 'dispatcher'
10-07-2024 22:14:20.657 [main] INFO  c.x.x.configuration.DBConfiguration.<init> - Created DBConfiguration
10-07-2024 22:14:20.713 [main] INFO  c.x.x.configuration.DBConfiguration.dataSource - Data Source is created
10-07-2024 22:14:20.726 [main] INFO  c.x.x.configuration.DBConfiguration.entityManagerFactoryBean - Created LocalContainerEntityManagerFactoryBean
10-07-2024 22:14:20.922 [main] INFO  o.h.jpa.internal.util.LogHelper.logPersistenceUnitInformation - HHH000204: Processing PersistenceUnitInfo [name: default]
10-07-2024 22:14:21.066 [main] INFO  org.hibernate.Version.logVersion - HHH000412: Hibernate ORM core version 5.6.15.Final
10-07-2024 22:14:21.493 [main] INFO  o.h.annotations.common.Version.<clinit> - HCANN000001: Hibernate Commons Annotations {5.1.2.Final}
10-07-2024 22:14:22.914 [main] INFO  org.hibernate.dialect.Dialect.<init> - HHH000400: Using dialect: org.hibernate.dialect.MySQL8Dialect
10-07-2024 22:14:24.062 [main] INFO  o.h.validator.internal.util.Version.<clinit> - HV000001: Hibernate Validator 5.4.3.Final
10-07-2024 22:14:25.917 [main] INFO  o.h.e.t.j.p.i.JtaPlatformInitiator.initiateService - HHH000490: Using JtaPlatform implementation: [org.hibernate.engine.transaction.jta.platform.internal.NoJtaPlatform]
10-07-2024 22:14:26.388 [main] INFO  o.s.o.j.LocalContainerEntityManagerFactoryBean.buildNativeEntityManagerFactory - Initialized JPA EntityManagerFactory for persistence unit 'default'
10-07-2024 22:14:26.404 [main] INFO  c.x.x.c.SpringConfiguration.<init> - Created SpringConfiguration
10-07-2024 22:14:26.435 [main] INFO  c.x.x.c.DepartmentAdminController.<init> - Created DepartmentAdminController
10-07-2024 22:14:26.514 [main] INFO  c.x.x.repo.SignUpRepoImpl.<init> - Created SignUpRepoImpl
10-07-2024 22:14:26.514 [main] INFO  c.x.x.service.ImageServiceImpl.<init> - created ImageServiceImpl
10-07-2024 22:14:27.377 [main] INFO  c.x.x.c.SpringConfiguration.viewResolver - Created ViewResolver
10-07-2024 22:14:27.482 [main] INFO  o.s.web.servlet.DispatcherServlet.initServletBean - Completed initialization in 7596 ms
10-07-2024 22:15:14.184 [http-nio-8080-exec-5] INFO  c.x.x.service.EmployeeServiceImpl.findByEmail - Email is not found
10-07-2024 22:15:20.617 [http-nio-8080-exec-7] INFO  c.x.x.service.EmployeeServiceImpl.validateEmail - Running validateEmail in Service
10-07-2024 22:15:20.636 [http-nio-8080-exec-7] INFO  c.x.x.service.EmployeeServiceImpl.validatePhone - Running validatePhone in Service
10-07-2024 22:25:09.642 [main] INFO  o.s.web.servlet.DispatcherServlet.initServletBean - Initializing Servlet 'dispatcher'
10-07-2024 22:25:10.789 [main] INFO  c.x.x.configuration.DBConfiguration.<init> - Created DBConfiguration
10-07-2024 22:25:10.858 [main] INFO  c.x.x.configuration.DBConfiguration.dataSource - Data Source is created
10-07-2024 22:25:10.873 [main] INFO  c.x.x.configuration.DBConfiguration.entityManagerFactoryBean - Created LocalContainerEntityManagerFactoryBean
10-07-2024 22:25:11.113 [main] INFO  o.h.jpa.internal.util.LogHelper.logPersistenceUnitInformation - HHH000204: Processing PersistenceUnitInfo [name: default]
10-07-2024 22:25:11.310 [main] INFO  org.hibernate.Version.logVersion - HHH000412: Hibernate ORM core version 5.6.15.Final
10-07-2024 22:25:12.000 [main] INFO  o.h.annotations.common.Version.<clinit> - HCANN000001: Hibernate Commons Annotations {5.1.2.Final}
10-07-2024 22:25:14.094 [main] INFO  org.hibernate.dialect.Dialect.<init> - HHH000400: Using dialect: org.hibernate.dialect.MySQL8Dialect
10-07-2024 22:25:15.109 [main] INFO  o.h.validator.internal.util.Version.<clinit> - HV000001: Hibernate Validator 5.4.3.Final
10-07-2024 22:25:16.408 [main] INFO  o.h.e.t.j.p.i.JtaPlatformInitiator.initiateService - HHH000490: Using JtaPlatform implementation: [org.hibernate.engine.transaction.jta.platform.internal.NoJtaPlatform]
10-07-2024 22:25:16.718 [main] INFO  o.s.o.j.LocalContainerEntityManagerFactoryBean.buildNativeEntityManagerFactory - Initialized JPA EntityManagerFactory for persistence unit 'default'
10-07-2024 22:25:16.726 [main] INFO  c.x.x.c.SpringConfiguration.<init> - Created SpringConfiguration
10-07-2024 22:25:16.741 [main] INFO  c.x.x.c.DepartmentAdminController.<init> - Created DepartmentAdminController
10-07-2024 22:25:16.796 [main] INFO  c.x.x.repo.SignUpRepoImpl.<init> - Created SignUpRepoImpl
10-07-2024 22:25:16.798 [main] INFO  c.x.x.service.ImageServiceImpl.<init> - created ImageServiceImpl
10-07-2024 22:25:17.491 [main] INFO  c.x.x.c.SpringConfiguration.viewResolver - Created ViewResolver
10-07-2024 22:25:17.570 [main] INFO  o.s.web.servlet.DispatcherServlet.initServletBean - Completed initialization in 7918 ms
10-07-2024 22:26:27.136 [http-nio-8080-exec-9] INFO  c.x.x.service.SignUpServiceImpl.findByEmail - Running findByEmail in Service
10-07-2024 22:26:27.714 [http-nio-8080-exec-9] INFO  c.x.x.service.EmployeeServiceImpl.findByEmail - Email is found
10-07-2024 22:41:08.494 [Thread-4] INFO  o.s.o.j.LocalContainerEntityManagerFactoryBean.destroy - Closing JPA EntityManagerFactory for persistence unit 'default'
11-07-2024 11:09:38.283 [main] INFO  o.s.web.servlet.DispatcherServlet.initServletBean - Initializing Servlet 'dispatcher'
11-07-2024 11:09:39.228 [main] INFO  c.x.x.configuration.DBConfiguration.<init> - Created DBConfiguration
11-07-2024 11:09:39.281 [main] INFO  c.x.x.configuration.DBConfiguration.dataSource - Data Source is created
11-07-2024 11:09:39.296 [main] INFO  c.x.x.configuration.DBConfiguration.entityManagerFactoryBean - Created LocalContainerEntityManagerFactoryBean
11-07-2024 11:09:39.605 [main] INFO  o.h.jpa.internal.util.LogHelper.logPersistenceUnitInformation - HHH000204: Processing PersistenceUnitInfo [name: default]
11-07-2024 11:09:39.946 [main] INFO  org.hibernate.Version.logVersion - HHH000412: Hibernate ORM core version 5.6.15.Final
11-07-2024 11:09:40.729 [main] INFO  o.h.annotations.common.Version.<clinit> - HCANN000001: Hibernate Commons Annotations {5.1.2.Final}
11-07-2024 11:09:42.589 [main] INFO  org.hibernate.dialect.Dialect.<init> - HHH000400: Using dialect: org.hibernate.dialect.MySQL8Dialect
11-07-2024 11:09:43.977 [main] INFO  o.h.validator.internal.util.Version.<clinit> - HV000001: Hibernate Validator 5.4.3.Final
11-07-2024 11:09:45.771 [main] INFO  o.h.e.t.j.p.i.JtaPlatformInitiator.initiateService - HHH000490: Using JtaPlatform implementation: [org.hibernate.engine.transaction.jta.platform.internal.NoJtaPlatform]
11-07-2024 11:09:46.187 [main] INFO  o.s.o.j.LocalContainerEntityManagerFactoryBean.buildNativeEntityManagerFactory - Initialized JPA EntityManagerFactory for persistence unit 'default'
11-07-2024 11:09:46.198 [main] INFO  c.x.x.c.SpringConfiguration.<init> - Created SpringConfiguration
11-07-2024 11:09:46.219 [main] INFO  c.x.x.c.DepartmentAdminController.<init> - Created DepartmentAdminController
11-07-2024 11:09:46.287 [main] INFO  c.x.x.repo.SignUpRepoImpl.<init> - Created SignUpRepoImpl
11-07-2024 11:09:46.290 [main] INFO  c.x.x.service.ImageServiceImpl.<init> - created ImageServiceImpl
11-07-2024 11:09:47.236 [main] INFO  c.x.x.c.SpringConfiguration.viewResolver - Created ViewResolver
11-07-2024 11:09:47.371 [main] INFO  o.s.web.servlet.DispatcherServlet.initServletBean - Completed initialization in 9078 ms
11-07-2024 11:16:32.996 [http-nio-8080-exec-9] INFO  c.x.x.service.SignUpServiceImpl.findByEmail - Running findByEmail in Service
11-07-2024 11:16:33.954 [http-nio-8080-exec-9] INFO  c.x.x.service.EmployeeServiceImpl.findByEmail - Email is found
11-07-2024 11:17:32.445 [http-nio-8080-exec-2] INFO  c.x.x.service.SignUpServiceImpl.findByEmail - Running findByEmail in Service
11-07-2024 11:17:32.527 [http-nio-8080-exec-2] INFO  c.x.x.service.EmployeeServiceImpl.findByEmail - Email is found
11-07-2024 11:17:55.192 [http-nio-8080-exec-4] INFO  c.x.x.service.SignUpServiceImpl.findByEmail - Running findByEmail in Service
11-07-2024 11:17:55.237 [http-nio-8080-exec-4] INFO  c.x.x.service.EmployeeServiceImpl.findByEmail - Email is found
11-07-2024 11:23:00.234 [Thread-4] INFO  o.s.o.j.LocalContainerEntityManagerFactoryBean.destroy - Closing JPA EntityManagerFactory for persistence unit 'default'
11-07-2024 11:23:11.279 [main] INFO  o.s.web.servlet.DispatcherServlet.initServletBean - Initializing Servlet 'dispatcher'
11-07-2024 11:23:12.131 [main] INFO  c.x.x.configuration.DBConfiguration.<init> - Created DBConfiguration
11-07-2024 11:23:12.191 [main] INFO  c.x.x.configuration.DBConfiguration.dataSource - Data Source is created
11-07-2024 11:23:12.202 [main] INFO  c.x.x.configuration.DBConfiguration.entityManagerFactoryBean - Created LocalContainerEntityManagerFactoryBean
11-07-2024 11:23:12.436 [main] INFO  o.h.jpa.internal.util.LogHelper.logPersistenceUnitInformation - HHH000204: Processing PersistenceUnitInfo [name: default]
11-07-2024 11:23:12.611 [main] INFO  org.hibernate.Version.logVersion - HHH000412: Hibernate ORM core version 5.6.15.Final
11-07-2024 11:23:13.029 [main] INFO  o.h.annotations.common.Version.<clinit> - HCANN000001: Hibernate Commons Annotations {5.1.2.Final}
11-07-2024 11:23:14.868 [main] INFO  org.hibernate.dialect.Dialect.<init> - HHH000400: Using dialect: org.hibernate.dialect.MySQL8Dialect
11-07-2024 11:23:16.616 [main] INFO  o.h.validator.internal.util.Version.<clinit> - HV000001: Hibernate Validator 5.4.3.Final
11-07-2024 11:23:19.571 [main] INFO  o.h.e.t.j.p.i.JtaPlatformInitiator.initiateService - HHH000490: Using JtaPlatform implementation: [org.hibernate.engine.transaction.jta.platform.internal.NoJtaPlatform]
11-07-2024 11:23:20.260 [main] INFO  o.s.o.j.LocalContainerEntityManagerFactoryBean.buildNativeEntityManagerFactory - Initialized JPA EntityManagerFactory for persistence unit 'default'
11-07-2024 11:23:20.276 [main] INFO  c.x.x.c.SpringConfiguration.<init> - Created SpringConfiguration
11-07-2024 11:23:20.292 [main] INFO  c.x.x.c.DepartmentAdminController.<init> - Created DepartmentAdminController
11-07-2024 11:23:20.402 [main] INFO  c.x.x.repo.SignUpRepoImpl.<init> - Created SignUpRepoImpl
11-07-2024 11:23:20.418 [main] INFO  c.x.x.service.ImageServiceImpl.<init> - created ImageServiceImpl
11-07-2024 11:23:21.642 [main] INFO  c.x.x.c.SpringConfiguration.viewResolver - Created ViewResolver
11-07-2024 11:23:21.744 [main] INFO  o.s.web.servlet.DispatcherServlet.initServletBean - Completed initialization in 10459 ms
11-07-2024 11:23:48.075 [http-nio-8080-exec-2] INFO  c.x.x.service.SignUpServiceImpl.findByEmail - Running findByEmail in Service
11-07-2024 11:23:48.366 [http-nio-8080-exec-2] INFO  c.x.x.service.EmployeeServiceImpl.findByEmail - Email is found
11-07-2024 11:28:41.123 [Thread-4] INFO  o.s.o.j.LocalContainerEntityManagerFactoryBean.destroy - Closing JPA EntityManagerFactory for persistence unit 'default'
11-07-2024 11:28:51.239 [main] INFO  o.s.web.servlet.DispatcherServlet.initServletBean - Initializing Servlet 'dispatcher'
11-07-2024 11:28:52.033 [main] INFO  c.x.x.configuration.DBConfiguration.<init> - Created DBConfiguration
11-07-2024 11:28:52.088 [main] INFO  c.x.x.configuration.DBConfiguration.dataSource - Data Source is created
11-07-2024 11:28:52.100 [main] INFO  c.x.x.configuration.DBConfiguration.entityManagerFactoryBean - Created LocalContainerEntityManagerFactoryBean
11-07-2024 11:28:52.291 [main] INFO  o.h.jpa.internal.util.LogHelper.logPersistenceUnitInformation - HHH000204: Processing PersistenceUnitInfo [name: default]
11-07-2024 11:28:52.417 [main] INFO  org.hibernate.Version.logVersion - HHH000412: Hibernate ORM core version 5.6.15.Final
11-07-2024 11:28:52.793 [main] INFO  o.h.annotations.common.Version.<clinit> - HCANN000001: Hibernate Commons Annotations {5.1.2.Final}
11-07-2024 11:28:53.825 [main] INFO  org.hibernate.dialect.Dialect.<init> - HHH000400: Using dialect: org.hibernate.dialect.MySQL8Dialect
11-07-2024 11:28:54.407 [main] INFO  o.h.validator.internal.util.Version.<clinit> - HV000001: Hibernate Validator 5.4.3.Final
11-07-2024 11:28:55.419 [main] INFO  o.h.e.t.j.p.i.JtaPlatformInitiator.initiateService - HHH000490: Using JtaPlatform implementation: [org.hibernate.engine.transaction.jta.platform.internal.NoJtaPlatform]
11-07-2024 11:28:55.669 [main] INFO  o.s.o.j.LocalContainerEntityManagerFactoryBean.buildNativeEntityManagerFactory - Initialized JPA EntityManagerFactory for persistence unit 'default'
11-07-2024 11:28:55.675 [main] INFO  c.x.x.c.SpringConfiguration.<init> - Created SpringConfiguration
11-07-2024 11:28:55.687 [main] INFO  c.x.x.c.DepartmentAdminController.<init> - Created DepartmentAdminController
11-07-2024 11:28:55.727 [main] INFO  c.x.x.repo.SignUpRepoImpl.<init> - Created SignUpRepoImpl
11-07-2024 11:28:55.728 [main] INFO  c.x.x.service.ImageServiceImpl.<init> - created ImageServiceImpl
11-07-2024 11:28:56.235 [main] INFO  c.x.x.c.SpringConfiguration.viewResolver - Created ViewResolver
11-07-2024 11:28:56.283 [main] INFO  o.s.web.servlet.DispatcherServlet.initServletBean - Completed initialization in 5036 ms
11-07-2024 11:29:05.030 [http-nio-8080-exec-1] INFO  c.x.x.service.SignUpServiceImpl.findByEmail - Running findByEmail in Service
11-07-2024 11:29:05.894 [http-nio-8080-exec-1] INFO  c.x.x.service.EmployeeServiceImpl.findByEmail - Email is found
11-07-2024 11:29:52.966 [http-nio-8080-exec-5] INFO  c.x.x.service.SignUpServiceImpl.findByEmail - Running findByEmail in Service
11-07-2024 11:29:53.018 [http-nio-8080-exec-5] INFO  c.x.x.service.EmployeeServiceImpl.findByEmail - Email is found
11-07-2024 11:33:26.556 [Thread-4] INFO  o.s.o.j.LocalContainerEntityManagerFactoryBean.destroy - Closing JPA EntityManagerFactory for persistence unit 'default'
11-07-2024 11:33:35.778 [main] INFO  o.s.web.servlet.DispatcherServlet.initServletBean - Initializing Servlet 'dispatcher'
11-07-2024 11:33:36.547 [main] INFO  c.x.x.configuration.DBConfiguration.<init> - Created DBConfiguration
11-07-2024 11:33:36.605 [main] INFO  c.x.x.configuration.DBConfiguration.dataSource - Data Source is created
11-07-2024 11:33:36.616 [main] INFO  c.x.x.configuration.DBConfiguration.entityManagerFactoryBean - Created LocalContainerEntityManagerFactoryBean
11-07-2024 11:33:36.787 [main] INFO  o.h.jpa.internal.util.LogHelper.logPersistenceUnitInformation - HHH000204: Processing PersistenceUnitInfo [name: default]
11-07-2024 11:33:36.910 [main] INFO  org.hibernate.Version.logVersion - HHH000412: Hibernate ORM core version 5.6.15.Final
11-07-2024 11:33:37.282 [main] INFO  o.h.annotations.common.Version.<clinit> - HCANN000001: Hibernate Commons Annotations {5.1.2.Final}
11-07-2024 11:33:38.334 [main] INFO  org.hibernate.dialect.Dialect.<init> - HHH000400: Using dialect: org.hibernate.dialect.MySQL8Dialect
11-07-2024 11:33:38.947 [main] INFO  o.h.validator.internal.util.Version.<clinit> - HV000001: Hibernate Validator 5.4.3.Final
11-07-2024 11:33:39.966 [main] INFO  o.h.e.t.j.p.i.JtaPlatformInitiator.initiateService - HHH000490: Using JtaPlatform implementation: [org.hibernate.engine.transaction.jta.platform.internal.NoJtaPlatform]
11-07-2024 11:33:40.187 [main] INFO  o.s.o.j.LocalContainerEntityManagerFactoryBean.buildNativeEntityManagerFactory - Initialized JPA EntityManagerFactory for persistence unit 'default'
11-07-2024 11:33:40.199 [main] INFO  c.x.x.c.SpringConfiguration.<init> - Created SpringConfiguration
11-07-2024 11:33:40.212 [main] INFO  c.x.x.c.DepartmentAdminController.<init> - Created DepartmentAdminController
11-07-2024 11:33:40.254 [main] INFO  c.x.x.repo.SignUpRepoImpl.<init> - Created SignUpRepoImpl
11-07-2024 11:33:40.254 [main] INFO  c.x.x.service.ImageServiceImpl.<init> - created ImageServiceImpl
11-07-2024 11:33:40.736 [main] INFO  c.x.x.c.SpringConfiguration.viewResolver - Created ViewResolver
11-07-2024 11:33:40.790 [main] INFO  o.s.web.servlet.DispatcherServlet.initServletBean - Completed initialization in 5006 ms
11-07-2024 11:34:23.237 [Thread-4] INFO  o.s.o.j.LocalContainerEntityManagerFactoryBean.destroy - Closing JPA EntityManagerFactory for persistence unit 'default'
11-07-2024 11:34:33.062 [main] INFO  o.s.web.servlet.DispatcherServlet.initServletBean - Initializing Servlet 'dispatcher'
11-07-2024 11:34:33.949 [main] INFO  c.x.x.configuration.DBConfiguration.<init> - Created DBConfiguration
11-07-2024 11:34:34.043 [main] INFO  c.x.x.configuration.DBConfiguration.dataSource - Data Source is created
11-07-2024 11:34:34.060 [main] INFO  c.x.x.configuration.DBConfiguration.entityManagerFactoryBean - Created LocalContainerEntityManagerFactoryBean
11-07-2024 11:34:34.236 [main] INFO  o.h.jpa.internal.util.LogHelper.logPersistenceUnitInformation - HHH000204: Processing PersistenceUnitInfo [name: default]
11-07-2024 11:34:34.361 [main] INFO  org.hibernate.Version.logVersion - HHH000412: Hibernate ORM core version 5.6.15.Final
11-07-2024 11:34:34.791 [main] INFO  o.h.annotations.common.Version.<clinit> - HCANN000001: Hibernate Commons Annotations {5.1.2.Final}
11-07-2024 11:34:36.162 [main] INFO  org.hibernate.dialect.Dialect.<init> - HHH000400: Using dialect: org.hibernate.dialect.MySQL8Dialect
11-07-2024 11:34:36.812 [main] INFO  o.h.validator.internal.util.Version.<clinit> - HV000001: Hibernate Validator 5.4.3.Final
11-07-2024 11:34:37.890 [main] INFO  o.h.e.t.j.p.i.JtaPlatformInitiator.initiateService - HHH000490: Using JtaPlatform implementation: [org.hibernate.engine.transaction.jta.platform.internal.NoJtaPlatform]
11-07-2024 11:34:38.123 [main] INFO  o.s.o.j.LocalContainerEntityManagerFactoryBean.buildNativeEntityManagerFactory - Initialized JPA EntityManagerFactory for persistence unit 'default'
11-07-2024 11:34:38.129 [main] INFO  c.x.x.c.SpringConfiguration.<init> - Created SpringConfiguration
11-07-2024 11:34:38.141 [main] INFO  c.x.x.c.DepartmentAdminController.<init> - Created DepartmentAdminController
11-07-2024 11:34:38.180 [main] INFO  c.x.x.repo.SignUpRepoImpl.<init> - Created SignUpRepoImpl
11-07-2024 11:34:38.181 [main] INFO  c.x.x.service.ImageServiceImpl.<init> - created ImageServiceImpl
11-07-2024 11:34:38.679 [main] INFO  c.x.x.c.SpringConfiguration.viewResolver - Created ViewResolver
11-07-2024 11:34:38.732 [main] INFO  o.s.web.servlet.DispatcherServlet.initServletBean - Completed initialization in 5664 ms
11-07-2024 11:36:33.540 [Thread-4] INFO  o.s.o.j.LocalContainerEntityManagerFactoryBean.destroy - Closing JPA EntityManagerFactory for persistence unit 'default'
11-07-2024 11:36:42.652 [main] INFO  o.s.web.servlet.DispatcherServlet.initServletBean - Initializing Servlet 'dispatcher'
11-07-2024 11:36:43.466 [main] INFO  c.x.x.configuration.DBConfiguration.<init> - Created DBConfiguration
11-07-2024 11:36:43.522 [main] INFO  c.x.x.configuration.DBConfiguration.dataSource - Data Source is created
11-07-2024 11:36:43.534 [main] INFO  c.x.x.configuration.DBConfiguration.entityManagerFactoryBean - Created LocalContainerEntityManagerFactoryBean
11-07-2024 11:36:43.709 [main] INFO  o.h.jpa.internal.util.LogHelper.logPersistenceUnitInformation - HHH000204: Processing PersistenceUnitInfo [name: default]
11-07-2024 11:36:43.831 [main] INFO  org.hibernate.Version.logVersion - HHH000412: Hibernate ORM core version 5.6.15.Final
11-07-2024 11:36:44.213 [main] INFO  o.h.annotations.common.Version.<clinit> - HCANN000001: Hibernate Commons Annotations {5.1.2.Final}
11-07-2024 11:36:45.268 [main] INFO  org.hibernate.dialect.Dialect.<init> - HHH000400: Using dialect: org.hibernate.dialect.MySQL8Dialect
11-07-2024 11:36:45.854 [main] INFO  o.h.validator.internal.util.Version.<clinit> - HV000001: Hibernate Validator 5.4.3.Final
11-07-2024 11:36:46.885 [main] INFO  o.h.e.t.j.p.i.JtaPlatformInitiator.initiateService - HHH000490: Using JtaPlatform implementation: [org.hibernate.engine.transaction.jta.platform.internal.NoJtaPlatform]
11-07-2024 11:36:47.122 [main] INFO  o.s.o.j.LocalContainerEntityManagerFactoryBean.buildNativeEntityManagerFactory - Initialized JPA EntityManagerFactory for persistence unit 'default'
11-07-2024 11:36:47.129 [main] INFO  c.x.x.c.SpringConfiguration.<init> - Created SpringConfiguration
11-07-2024 11:36:47.143 [main] INFO  c.x.x.c.DepartmentAdminController.<init> - Created DepartmentAdminController
11-07-2024 11:36:47.184 [main] INFO  c.x.x.repo.SignUpRepoImpl.<init> - Created SignUpRepoImpl
11-07-2024 11:36:47.185 [main] INFO  c.x.x.service.ImageServiceImpl.<init> - created ImageServiceImpl
11-07-2024 11:36:47.671 [main] INFO  c.x.x.c.SpringConfiguration.viewResolver - Created ViewResolver
11-07-2024 11:36:47.720 [main] INFO  o.s.web.servlet.DispatcherServlet.initServletBean - Completed initialization in 5062 ms
11-07-2024 11:37:49.804 [Thread-4] INFO  o.s.o.j.LocalContainerEntityManagerFactoryBean.destroy - Closing JPA EntityManagerFactory for persistence unit 'default'
11-07-2024 11:37:58.654 [main] INFO  o.s.web.servlet.DispatcherServlet.initServletBean - Initializing Servlet 'dispatcher'
11-07-2024 11:37:59.451 [main] INFO  c.x.x.configuration.DBConfiguration.<init> - Created DBConfiguration
11-07-2024 11:37:59.508 [main] INFO  c.x.x.configuration.DBConfiguration.dataSource - Data Source is created
11-07-2024 11:37:59.521 [main] INFO  c.x.x.configuration.DBConfiguration.entityManagerFactoryBean - Created LocalContainerEntityManagerFactoryBean
11-07-2024 11:37:59.685 [main] INFO  o.h.jpa.internal.util.LogHelper.logPersistenceUnitInformation - HHH000204: Processing PersistenceUnitInfo [name: default]
11-07-2024 11:37:59.810 [main] INFO  org.hibernate.Version.logVersion - HHH000412: Hibernate ORM core version 5.6.15.Final
11-07-2024 11:38:00.182 [main] INFO  o.h.annotations.common.Version.<clinit> - HCANN000001: Hibernate Commons Annotations {5.1.2.Final}
11-07-2024 11:38:01.232 [main] INFO  org.hibernate.dialect.Dialect.<init> - HHH000400: Using dialect: org.hibernate.dialect.MySQL8Dialect
11-07-2024 11:38:01.821 [main] INFO  o.h.validator.internal.util.Version.<clinit> - HV000001: Hibernate Validator 5.4.3.Final
11-07-2024 11:38:02.862 [main] INFO  o.h.e.t.j.p.i.JtaPlatformInitiator.initiateService - HHH000490: Using JtaPlatform implementation: [org.hibernate.engine.transaction.jta.platform.internal.NoJtaPlatform]
11-07-2024 11:38:03.103 [main] INFO  o.s.o.j.LocalContainerEntityManagerFactoryBean.buildNativeEntityManagerFactory - Initialized JPA EntityManagerFactory for persistence unit 'default'
11-07-2024 11:38:03.110 [main] INFO  c.x.x.c.SpringConfiguration.<init> - Created SpringConfiguration
11-07-2024 11:38:03.122 [main] INFO  c.x.x.c.DepartmentAdminController.<init> - Created DepartmentAdminController
11-07-2024 11:38:03.163 [main] INFO  c.x.x.repo.SignUpRepoImpl.<init> - Created SignUpRepoImpl
11-07-2024 11:38:03.164 [main] INFO  c.x.x.service.ImageServiceImpl.<init> - created ImageServiceImpl
11-07-2024 11:38:03.656 [main] INFO  c.x.x.c.SpringConfiguration.viewResolver - Created ViewResolver
11-07-2024 11:38:03.701 [main] INFO  o.s.web.servlet.DispatcherServlet.initServletBean - Completed initialization in 5040 ms
11-07-2024 11:40:27.832 [Thread-4] INFO  o.s.o.j.LocalContainerEntityManagerFactoryBean.destroy - Closing JPA EntityManagerFactory for persistence unit 'default'
11-07-2024 11:40:36.450 [main] INFO  o.s.web.servlet.DispatcherServlet.initServletBean - Initializing Servlet 'dispatcher'
11-07-2024 11:40:37.257 [main] INFO  c.x.x.configuration.DBConfiguration.<init> - Created DBConfiguration
11-07-2024 11:40:37.313 [main] INFO  c.x.x.configuration.DBConfiguration.dataSource - Data Source is created
11-07-2024 11:40:37.326 [main] INFO  c.x.x.configuration.DBConfiguration.entityManagerFactoryBean - Created LocalContainerEntityManagerFactoryBean
11-07-2024 11:40:37.512 [main] INFO  o.h.jpa.internal.util.LogHelper.logPersistenceUnitInformation - HHH000204: Processing PersistenceUnitInfo [name: default]
11-07-2024 11:40:37.644 [main] INFO  org.hibernate.Version.logVersion - HHH000412: Hibernate ORM core version 5.6.15.Final
11-07-2024 11:40:38.100 [main] INFO  o.h.annotations.common.Version.<clinit> - HCANN000001: Hibernate Commons Annotations {5.1.2.Final}
11-07-2024 11:40:39.158 [main] INFO  org.hibernate.dialect.Dialect.<init> - HHH000400: Using dialect: org.hibernate.dialect.MySQL8Dialect
11-07-2024 11:40:39.781 [main] INFO  o.h.validator.internal.util.Version.<clinit> - HV000001: Hibernate Validator 5.4.3.Final
11-07-2024 11:40:40.832 [main] INFO  o.h.e.t.j.p.i.JtaPlatformInitiator.initiateService - HHH000490: Using JtaPlatform implementation: [org.hibernate.engine.transaction.jta.platform.internal.NoJtaPlatform]
11-07-2024 11:40:41.076 [main] INFO  o.s.o.j.LocalContainerEntityManagerFactoryBean.buildNativeEntityManagerFactory - Initialized JPA EntityManagerFactory for persistence unit 'default'
11-07-2024 11:40:41.085 [main] INFO  c.x.x.c.SpringConfiguration.<init> - Created SpringConfiguration
11-07-2024 11:40:41.096 [main] INFO  c.x.x.c.DepartmentAdminController.<init> - Created DepartmentAdminController
11-07-2024 11:40:41.138 [main] INFO  c.x.x.repo.SignUpRepoImpl.<init> - Created SignUpRepoImpl
11-07-2024 11:40:41.140 [main] INFO  c.x.x.service.ImageServiceImpl.<init> - created ImageServiceImpl
11-07-2024 11:40:41.622 [main] INFO  c.x.x.c.SpringConfiguration.viewResolver - Created ViewResolver
11-07-2024 11:40:41.673 [main] INFO  o.s.web.servlet.DispatcherServlet.initServletBean - Completed initialization in 5218 ms
11-07-2024 11:42:45.454 [Thread-4] INFO  o.s.o.j.LocalContainerEntityManagerFactoryBean.destroy - Closing JPA EntityManagerFactory for persistence unit 'default'
11-07-2024 11:42:54.760 [main] INFO  o.s.web.servlet.DispatcherServlet.initServletBean - Initializing Servlet 'dispatcher'
11-07-2024 11:42:55.549 [main] INFO  c.x.x.configuration.DBConfiguration.<init> - Created DBConfiguration
11-07-2024 11:42:55.606 [main] INFO  c.x.x.configuration.DBConfiguration.dataSource - Data Source is created
11-07-2024 11:42:55.618 [main] INFO  c.x.x.configuration.DBConfiguration.entityManagerFactoryBean - Created LocalContainerEntityManagerFactoryBean
11-07-2024 11:42:55.790 [main] INFO  o.h.jpa.internal.util.LogHelper.logPersistenceUnitInformation - HHH000204: Processing PersistenceUnitInfo [name: default]
11-07-2024 11:42:55.920 [main] INFO  org.hibernate.Version.logVersion - HHH000412: Hibernate ORM core version 5.6.15.Final
11-07-2024 11:42:56.333 [main] INFO  o.h.annotations.common.Version.<clinit> - HCANN000001: Hibernate Commons Annotations {5.1.2.Final}
11-07-2024 11:42:57.416 [main] INFO  org.hibernate.dialect.Dialect.<init> - HHH000400: Using dialect: org.hibernate.dialect.MySQL8Dialect
11-07-2024 11:42:58.035 [main] INFO  o.h.validator.internal.util.Version.<clinit> - HV000001: Hibernate Validator 5.4.3.Final
11-07-2024 11:42:59.092 [main] INFO  o.h.e.t.j.p.i.JtaPlatformInitiator.initiateService - HHH000490: Using JtaPlatform implementation: [org.hibernate.engine.transaction.jta.platform.internal.NoJtaPlatform]
11-07-2024 11:42:59.321 [main] INFO  o.s.o.j.LocalContainerEntityManagerFactoryBean.buildNativeEntityManagerFactory - Initialized JPA EntityManagerFactory for persistence unit 'default'
11-07-2024 11:42:59.327 [main] INFO  c.x.x.c.SpringConfiguration.<init> - Created SpringConfiguration
11-07-2024 11:42:59.339 [main] INFO  c.x.x.c.DepartmentAdminController.<init> - Created DepartmentAdminController
11-07-2024 11:42:59.378 [main] INFO  c.x.x.repo.SignUpRepoImpl.<init> - Created SignUpRepoImpl
11-07-2024 11:42:59.379 [main] INFO  c.x.x.service.ImageServiceImpl.<init> - created ImageServiceImpl
11-07-2024 11:42:59.888 [main] INFO  c.x.x.c.SpringConfiguration.viewResolver - Created ViewResolver
11-07-2024 11:42:59.944 [main] INFO  o.s.web.servlet.DispatcherServlet.initServletBean - Completed initialization in 5180 ms
11-07-2024 11:56:19.479 [Thread-4] INFO  o.s.o.j.LocalContainerEntityManagerFactoryBean.destroy - Closing JPA EntityManagerFactory for persistence unit 'default'
11-07-2024 11:57:32.130 [main] INFO  o.s.web.servlet.DispatcherServlet.initServletBean - Initializing Servlet 'dispatcher'
11-07-2024 11:57:33.143 [main] INFO  c.x.x.configuration.DBConfiguration.<init> - Created DBConfiguration
11-07-2024 11:57:33.200 [main] INFO  c.x.x.configuration.DBConfiguration.dataSource - Data Source is created
11-07-2024 11:57:33.213 [main] INFO  c.x.x.configuration.DBConfiguration.entityManagerFactoryBean - Created LocalContainerEntityManagerFactoryBean
11-07-2024 11:57:33.417 [main] INFO  o.h.jpa.internal.util.LogHelper.logPersistenceUnitInformation - HHH000204: Processing PersistenceUnitInfo [name: default]
11-07-2024 11:57:33.577 [main] INFO  org.hibernate.Version.logVersion - HHH000412: Hibernate ORM core version 5.6.15.Final
11-07-2024 11:57:34.017 [main] INFO  o.h.annotations.common.Version.<clinit> - HCANN000001: Hibernate Commons Annotations {5.1.2.Final}
11-07-2024 11:57:35.409 [main] INFO  org.hibernate.dialect.Dialect.<init> - HHH000400: Using dialect: org.hibernate.dialect.MySQL8Dialect
11-07-2024 11:57:36.117 [main] INFO  o.h.validator.internal.util.Version.<clinit> - HV000001: Hibernate Validator 5.4.3.Final
11-07-2024 11:57:37.273 [main] INFO  o.h.e.t.j.p.i.JtaPlatformInitiator.initiateService - HHH000490: Using JtaPlatform implementation: [org.hibernate.engine.transaction.jta.platform.internal.NoJtaPlatform]
11-07-2024 11:57:37.544 [main] INFO  o.s.o.j.LocalContainerEntityManagerFactoryBean.buildNativeEntityManagerFactory - Initialized JPA EntityManagerFactory for persistence unit 'default'
11-07-2024 11:57:37.551 [main] INFO  c.x.x.c.SpringConfiguration.<init> - Created SpringConfiguration
11-07-2024 11:57:37.566 [main] INFO  c.x.x.c.DepartmentAdminController.<init> - Created DepartmentAdminController
11-07-2024 11:57:37.612 [main] INFO  c.x.x.repo.SignUpRepoImpl.<init> - Created SignUpRepoImpl
11-07-2024 11:57:37.613 [main] INFO  c.x.x.service.ImageServiceImpl.<init> - created ImageServiceImpl
11-07-2024 11:57:38.239 [main] INFO  c.x.x.c.SpringConfiguration.viewResolver - Created ViewResolver
11-07-2024 11:57:38.311 [main] INFO  o.s.web.servlet.DispatcherServlet.initServletBean - Completed initialization in 6173 ms
11-07-2024 11:58:21.833 [http-nio-8080-exec-8] INFO  c.x.x.service.EmployeeServiceImpl.findByEmail - Email is found
11-07-2024 11:59:52.970 [http-nio-8080-exec-4] INFO  c.x.x.service.EmployeeServiceImpl.findByEmail - Email is not found
11-07-2024 12:00:01.616 [http-nio-8080-exec-7] INFO  c.x.x.service.EmployeeServiceImpl.validateEmail - Running validateEmail in Service
11-07-2024 12:00:01.653 [http-nio-8080-exec-7] INFO  c.x.x.service.EmployeeServiceImpl.validatePhone - Running validatePhone in Service
11-07-2024 12:09:18.548 [Thread-4] INFO  o.s.o.j.LocalContainerEntityManagerFactoryBean.destroy - Closing JPA EntityManagerFactory for persistence unit 'default'
11-07-2024 12:09:31.550 [main] INFO  o.s.web.servlet.DispatcherServlet.initServletBean - Initializing Servlet 'dispatcher'
11-07-2024 12:09:32.702 [main] INFO  c.x.x.configuration.DBConfiguration.<init> - Created DBConfiguration
11-07-2024 12:09:32.848 [main] INFO  c.x.x.configuration.DBConfiguration.dataSource - Data Source is created
11-07-2024 12:09:32.881 [main] INFO  c.x.x.configuration.DBConfiguration.entityManagerFactoryBean - Created LocalContainerEntityManagerFactoryBean
11-07-2024 12:09:33.324 [main] INFO  o.h.jpa.internal.util.LogHelper.logPersistenceUnitInformation - HHH000204: Processing PersistenceUnitInfo [name: default]
11-07-2024 12:09:33.707 [main] INFO  org.hibernate.Version.logVersion - HHH000412: Hibernate ORM core version 5.6.15.Final
11-07-2024 12:09:34.657 [main] INFO  o.h.annotations.common.Version.<clinit> - HCANN000001: Hibernate Commons Annotations {5.1.2.Final}
11-07-2024 12:09:37.505 [main] INFO  org.hibernate.dialect.Dialect.<init> - HHH000400: Using dialect: org.hibernate.dialect.MySQL8Dialect
11-07-2024 12:09:38.934 [main] INFO  o.h.validator.internal.util.Version.<clinit> - HV000001: Hibernate Validator 5.4.3.Final
11-07-2024 12:09:41.652 [main] INFO  o.h.e.t.j.p.i.JtaPlatformInitiator.initiateService - HHH000490: Using JtaPlatform implementation: [org.hibernate.engine.transaction.jta.platform.internal.NoJtaPlatform]
11-07-2024 12:09:42.319 [main] INFO  o.s.o.j.LocalContainerEntityManagerFactoryBean.buildNativeEntityManagerFactory - Initialized JPA EntityManagerFactory for persistence unit 'default'
11-07-2024 12:09:42.335 [main] INFO  c.x.x.c.SpringConfiguration.<init> - Created SpringConfiguration
11-07-2024 12:09:42.370 [main] INFO  c.x.x.c.DepartmentAdminController.<init> - Created DepartmentAdminController
11-07-2024 12:09:42.573 [main] INFO  c.x.x.repo.SignUpRepoImpl.<init> - Created SignUpRepoImpl
11-07-2024 12:09:42.583 [main] INFO  c.x.x.service.ImageServiceImpl.<init> - created ImageServiceImpl
11-07-2024 12:09:43.981 [main] INFO  c.x.x.c.SpringConfiguration.viewResolver - Created ViewResolver
11-07-2024 12:09:44.127 [main] INFO  o.s.web.servlet.DispatcherServlet.initServletBean - Completed initialization in 12565 ms
11-07-2024 12:10:57.332 [http-nio-8080-exec-5] INFO  c.x.x.service.EmployeeServiceImpl.findByEmail - Email is found
11-07-2024 13:02:55.894 [http-nio-8080-exec-7] INFO  c.x.x.service.EmployeeServiceImpl.findByEmail - Email is found
11-07-2024 14:17:22.714 [Thread-4] INFO  o.s.o.j.LocalContainerEntityManagerFactoryBean.destroy - Closing JPA EntityManagerFactory for persistence unit 'default'
11-07-2024 14:17:34.087 [main] INFO  o.s.web.servlet.DispatcherServlet.initServletBean - Initializing Servlet 'dispatcher'
11-07-2024 14:17:35.081 [main] INFO  c.x.x.configuration.DBConfiguration.<init> - Created DBConfiguration
11-07-2024 14:17:35.128 [main] INFO  c.x.x.configuration.DBConfiguration.dataSource - Data Source is created
11-07-2024 14:17:35.144 [main] INFO  c.x.x.configuration.DBConfiguration.entityManagerFactoryBean - Created LocalContainerEntityManagerFactoryBean
11-07-2024 14:17:35.411 [main] INFO  o.h.jpa.internal.util.LogHelper.logPersistenceUnitInformation - HHH000204: Processing PersistenceUnitInfo [name: default]
11-07-2024 14:17:35.609 [main] INFO  org.hibernate.Version.logVersion - HHH000412: Hibernate ORM core version 5.6.15.Final
11-07-2024 14:17:36.182 [main] INFO  o.h.annotations.common.Version.<clinit> - HCANN000001: Hibernate Commons Annotations {5.1.2.Final}
11-07-2024 14:17:37.525 [main] INFO  org.hibernate.dialect.Dialect.<init> - HHH000400: Using dialect: org.hibernate.dialect.MySQL8Dialect
11-07-2024 14:17:38.284 [main] INFO  o.h.validator.internal.util.Version.<clinit> - HV000001: Hibernate Validator 5.4.3.Final
11-07-2024 14:17:39.594 [main] INFO  o.h.e.t.j.p.i.JtaPlatformInitiator.initiateService - HHH000490: Using JtaPlatform implementation: [org.hibernate.engine.transaction.jta.platform.internal.NoJtaPlatform]
11-07-2024 14:17:39.866 [main] INFO  o.s.o.j.LocalContainerEntityManagerFactoryBean.buildNativeEntityManagerFactory - Initialized JPA EntityManagerFactory for persistence unit 'default'
11-07-2024 14:17:39.872 [main] INFO  c.x.x.c.SpringConfiguration.<init> - Created SpringConfiguration
11-07-2024 14:17:39.886 [main] INFO  c.x.x.c.DepartmentAdminController.<init> - Created DepartmentAdminController
11-07-2024 14:17:39.929 [main] INFO  c.x.x.repo.SignUpRepoImpl.<init> - Created SignUpRepoImpl
11-07-2024 14:17:39.930 [main] INFO  c.x.x.service.ImageServiceImpl.<init> - created ImageServiceImpl
11-07-2024 14:17:40.429 [main] INFO  c.x.x.c.SpringConfiguration.viewResolver - Created ViewResolver
11-07-2024 14:17:40.519 [main] INFO  o.s.web.servlet.DispatcherServlet.initServletBean - Completed initialization in 6425 ms
11-07-2024 14:17:46.809 [http-nio-8080-exec-2] WARN  o.s.w.s.m.s.DefaultHandlerExceptionResolver.logException - Resolved [org.springframework.web.HttpRequestMethodNotSupportedException: Request method 'GET' not supported]
11-07-2024 14:19:48.649 [http-nio-8080-exec-5] WARN  o.s.w.s.m.s.DefaultHandlerExceptionResolver.logException - Resolved [org.springframework.web.HttpRequestMethodNotSupportedException: Request method 'GET' not supported]
11-07-2024 14:19:50.559 [http-nio-8080-exec-6] WARN  o.s.w.s.m.s.DefaultHandlerExceptionResolver.logException - Resolved [org.springframework.web.HttpRequestMethodNotSupportedException: Request method 'GET' not supported]
11-07-2024 14:20:20.881 [Thread-4] INFO  o.s.o.j.LocalContainerEntityManagerFactoryBean.destroy - Closing JPA EntityManagerFactory for persistence unit 'default'
11-07-2024 14:20:30.892 [main] INFO  o.s.web.servlet.DispatcherServlet.initServletBean - Initializing Servlet 'dispatcher'
11-07-2024 14:20:31.797 [main] INFO  c.x.x.configuration.DBConfiguration.<init> - Created DBConfiguration
11-07-2024 14:20:31.891 [main] INFO  c.x.x.configuration.DBConfiguration.dataSource - Data Source is created
11-07-2024 14:20:31.908 [main] INFO  c.x.x.configuration.DBConfiguration.entityManagerFactoryBean - Created LocalContainerEntityManagerFactoryBean
11-07-2024 14:20:32.108 [main] INFO  o.h.jpa.internal.util.LogHelper.logPersistenceUnitInformation - HHH000204: Processing PersistenceUnitInfo [name: default]
11-07-2024 14:20:32.347 [main] INFO  org.hibernate.Version.logVersion - HHH000412: Hibernate ORM core version 5.6.15.Final
11-07-2024 14:20:32.767 [main] INFO  o.h.annotations.common.Version.<clinit> - HCANN000001: Hibernate Commons Annotations {5.1.2.Final}
11-07-2024 14:20:34.115 [main] INFO  org.hibernate.dialect.Dialect.<init> - HHH000400: Using dialect: org.hibernate.dialect.MySQL8Dialect
11-07-2024 14:20:34.828 [main] INFO  o.h.validator.internal.util.Version.<clinit> - HV000001: Hibernate Validator 5.4.3.Final
11-07-2024 14:20:36.068 [main] INFO  o.h.e.t.j.p.i.JtaPlatformInitiator.initiateService - HHH000490: Using JtaPlatform implementation: [org.hibernate.engine.transaction.jta.platform.internal.NoJtaPlatform]
11-07-2024 14:20:36.311 [main] INFO  o.s.o.j.LocalContainerEntityManagerFactoryBean.buildNativeEntityManagerFactory - Initialized JPA EntityManagerFactory for persistence unit 'default'
11-07-2024 14:20:36.318 [main] INFO  c.x.x.c.SpringConfiguration.<init> - Created SpringConfiguration
11-07-2024 14:20:36.332 [main] INFO  c.x.x.c.DepartmentAdminController.<init> - Created DepartmentAdminController
11-07-2024 14:20:36.374 [main] INFO  c.x.x.repo.SignUpRepoImpl.<init> - Created SignUpRepoImpl
11-07-2024 14:20:36.375 [main] INFO  c.x.x.service.ImageServiceImpl.<init> - created ImageServiceImpl
11-07-2024 14:20:36.880 [main] INFO  c.x.x.c.SpringConfiguration.viewResolver - Created ViewResolver
11-07-2024 14:20:36.934 [main] INFO  o.s.web.servlet.DispatcherServlet.initServletBean - Completed initialization in 6036 ms
11-07-2024 14:20:42.849 [http-nio-8080-exec-1] WARN  o.s.w.s.m.s.DefaultHandlerExceptionResolver.logException - Resolved [org.springframework.web.HttpRequestMethodNotSupportedException: Request method 'GET' not supported]
11-07-2024 14:20:43.938 [http-nio-8080-exec-2] WARN  o.s.w.s.m.s.DefaultHandlerExceptionResolver.logException - Resolved [org.springframework.web.HttpRequestMethodNotSupportedException: Request method 'GET' not supported]
11-07-2024 14:20:44.103 [http-nio-8080-exec-3] WARN  o.s.w.s.m.s.DefaultHandlerExceptionResolver.logException - Resolved [org.springframework.web.HttpRequestMethodNotSupportedException: Request method 'GET' not supported]
11-07-2024 14:20:50.792 [http-nio-8080-exec-5] WARN  o.s.w.s.m.s.DefaultHandlerExceptionResolver.logException - Resolved [org.springframework.web.HttpRequestMethodNotSupportedException: Request method 'GET' not supported]
11-07-2024 14:30:02.972 [Thread-4] INFO  o.s.o.j.LocalContainerEntityManagerFactoryBean.destroy - Closing JPA EntityManagerFactory for persistence unit 'default'
11-07-2024 14:30:12.559 [main] INFO  o.s.web.servlet.DispatcherServlet.initServletBean - Initializing Servlet 'dispatcher'
11-07-2024 14:30:13.384 [main] INFO  c.x.x.configuration.DBConfiguration.<init> - Created DBConfiguration
11-07-2024 14:30:13.441 [main] INFO  c.x.x.configuration.DBConfiguration.dataSource - Data Source is created
11-07-2024 14:30:13.454 [main] INFO  c.x.x.configuration.DBConfiguration.entityManagerFactoryBean - Created LocalContainerEntityManagerFactoryBean
11-07-2024 14:30:13.632 [main] INFO  o.h.jpa.internal.util.LogHelper.logPersistenceUnitInformation - HHH000204: Processing PersistenceUnitInfo [name: default]
11-07-2024 14:30:13.764 [main] INFO  org.hibernate.Version.logVersion - HHH000412: Hibernate ORM core version 5.6.15.Final
11-07-2024 14:30:14.172 [main] INFO  o.h.annotations.common.Version.<clinit> - HCANN000001: Hibernate Commons Annotations {5.1.2.Final}
11-07-2024 14:30:15.337 [main] INFO  org.hibernate.dialect.Dialect.<init> - HHH000400: Using dialect: org.hibernate.dialect.MySQL8Dialect
11-07-2024 14:30:15.965 [main] INFO  o.h.validator.internal.util.Version.<clinit> - HV000001: Hibernate Validator 5.4.3.Final
11-07-2024 14:30:16.998 [main] INFO  o.h.e.t.j.p.i.JtaPlatformInitiator.initiateService - HHH000490: Using JtaPlatform implementation: [org.hibernate.engine.transaction.jta.platform.internal.NoJtaPlatform]
11-07-2024 14:30:17.233 [main] INFO  o.s.o.j.LocalContainerEntityManagerFactoryBean.buildNativeEntityManagerFactory - Initialized JPA EntityManagerFactory for persistence unit 'default'
11-07-2024 14:30:17.240 [main] INFO  c.x.x.c.SpringConfiguration.<init> - Created SpringConfiguration
11-07-2024 14:30:17.264 [main] INFO  c.x.x.c.DepartmentAdminController.<init> - Created DepartmentAdminController
11-07-2024 14:30:17.340 [main] INFO  c.x.x.repo.SignUpRepoImpl.<init> - Created SignUpRepoImpl
11-07-2024 14:30:17.343 [main] INFO  c.x.x.service.ImageServiceImpl.<init> - created ImageServiceImpl
11-07-2024 14:30:18.056 [main] INFO  c.x.x.c.SpringConfiguration.viewResolver - Created ViewResolver
11-07-2024 14:30:18.134 [main] INFO  o.s.web.servlet.DispatcherServlet.initServletBean - Completed initialization in 5566 ms
11-07-2024 14:34:00.154 [http-nio-8080-exec-9] INFO  c.x.x.service.EmployeeServiceImpl.findByEmail - Email is found
11-07-2024 14:34:30.370 [http-nio-8080-exec-2] INFO  c.x.x.service.EmployeeServiceImpl.findByEmail - Email is found
11-07-2024 14:36:26.259 [http-nio-8080-exec-3] INFO  c.x.x.service.EmployeeServiceImpl.findByEmail - Email is found
11-07-2024 14:37:22.131 [http-nio-8080-exec-10] INFO  c.x.x.service.EmployeeServiceImpl.findByEmail - Email is found
11-07-2024 14:38:16.898 [http-nio-8080-exec-5] INFO  c.x.x.service.EmployeeServiceImpl.findByEmail - Email is found
11-07-2024 14:39:02.383 [http-nio-8080-exec-7] INFO  c.x.x.service.EmployeeServiceImpl.findByEmail - Email is found
11-07-2024 14:51:58.104 [Thread-4] INFO  o.s.o.j.LocalContainerEntityManagerFactoryBean.destroy - Closing JPA EntityManagerFactory for persistence unit 'default'
11-07-2024 14:52:06.916 [main] INFO  o.s.web.servlet.DispatcherServlet.initServletBean - Initializing Servlet 'dispatcher'
11-07-2024 14:52:07.708 [main] INFO  c.x.x.configuration.DBConfiguration.<init> - Created DBConfiguration
11-07-2024 14:52:07.763 [main] INFO  c.x.x.configuration.DBConfiguration.dataSource - Data Source is created
11-07-2024 14:52:07.775 [main] INFO  c.x.x.configuration.DBConfiguration.entityManagerFactoryBean - Created LocalContainerEntityManagerFactoryBean
11-07-2024 14:52:07.954 [main] INFO  o.h.jpa.internal.util.LogHelper.logPersistenceUnitInformation - HHH000204: Processing PersistenceUnitInfo [name: default]
11-07-2024 14:52:08.084 [main] INFO  org.hibernate.Version.logVersion - HHH000412: Hibernate ORM core version 5.6.15.Final
11-07-2024 14:52:08.528 [main] INFO  o.h.annotations.common.Version.<clinit> - HCANN000001: Hibernate Commons Annotations {5.1.2.Final}
11-07-2024 14:52:09.780 [main] INFO  org.hibernate.dialect.Dialect.<init> - HHH000400: Using dialect: org.hibernate.dialect.MySQL8Dialect
11-07-2024 14:52:10.391 [main] INFO  o.h.validator.internal.util.Version.<clinit> - HV000001: Hibernate Validator 5.4.3.Final
11-07-2024 14:52:11.434 [main] INFO  o.h.e.t.j.p.i.JtaPlatformInitiator.initiateService - HHH000490: Using JtaPlatform implementation: [org.hibernate.engine.transaction.jta.platform.internal.NoJtaPlatform]
11-07-2024 14:52:11.677 [main] INFO  o.s.o.j.LocalContainerEntityManagerFactoryBean.buildNativeEntityManagerFactory - Initialized JPA EntityManagerFactory for persistence unit 'default'
11-07-2024 14:52:11.684 [main] INFO  c.x.x.c.SpringConfiguration.<init> - Created SpringConfiguration
11-07-2024 14:52:11.697 [main] INFO  c.x.x.c.DepartmentAdminController.<init> - Created DepartmentAdminController
11-07-2024 14:52:11.738 [main] INFO  c.x.x.repo.SignUpRepoImpl.<init> - Created SignUpRepoImpl
11-07-2024 14:52:11.739 [main] INFO  c.x.x.service.ImageServiceImpl.<init> - created ImageServiceImpl
11-07-2024 14:52:12.252 [main] INFO  c.x.x.c.SpringConfiguration.viewResolver - Created ViewResolver
11-07-2024 14:52:12.305 [main] INFO  o.s.web.servlet.DispatcherServlet.initServletBean - Completed initialization in 5385 ms
11-07-2024 14:52:18.185 [http-nio-8080-exec-1] WARN  o.s.web.servlet.PageNotFound.noHandlerFound - No mapping for GET /xworkzProject/employee
11-07-2024 14:52:26.413 [http-nio-8080-exec-4] WARN  o.s.web.servlet.PageNotFound.noHandlerFound - No mapping for GET /xworkzProject/employee
11-07-2024 14:53:21.994 [http-nio-8080-exec-6] WARN  o.s.web.servlet.PageNotFound.noHandlerFound - No mapping for GET /xworkzProject/employee
11-07-2024 14:53:34.962 [http-nio-8080-exec-9] WARN  o.s.web.servlet.PageNotFound.noHandlerFound - No mapping for POST /xworkzProject/employee/getOtp
11-07-2024 14:54:15.868 [http-nio-8080-exec-2] WARN  o.s.web.servlet.PageNotFound.noHandlerFound - No mapping for POST /xworkzProject/employee/getOtp
11-07-2024 14:55:16.942 [http-nio-8080-exec-8] WARN  o.s.web.servlet.PageNotFound.noHandlerFound - No mapping for POST /xworkzProject/xworkzProject/getOtp
11-07-2024 14:56:31.444 [http-nio-8080-exec-2] INFO  c.x.x.service.EmployeeServiceImpl.findByEmail - Email is found
11-07-2024 15:01:31.457 [Thread-4] INFO  o.s.o.j.LocalContainerEntityManagerFactoryBean.destroy - Closing JPA EntityManagerFactory for persistence unit 'default'
11-07-2024 15:01:40.952 [main] INFO  o.s.web.servlet.DispatcherServlet.initServletBean - Initializing Servlet 'dispatcher'
11-07-2024 15:01:41.680 [main] INFO  c.x.x.configuration.DBConfiguration.<init> - Created DBConfiguration
11-07-2024 15:01:41.749 [main] INFO  c.x.x.configuration.DBConfiguration.dataSource - Data Source is created
11-07-2024 15:01:41.762 [main] INFO  c.x.x.configuration.DBConfiguration.entityManagerFactoryBean - Created LocalContainerEntityManagerFactoryBean
11-07-2024 15:01:41.936 [main] INFO  o.h.jpa.internal.util.LogHelper.logPersistenceUnitInformation - HHH000204: Processing PersistenceUnitInfo [name: default]
11-07-2024 15:01:42.061 [main] INFO  org.hibernate.Version.logVersion - HHH000412: Hibernate ORM core version 5.6.15.Final
11-07-2024 15:01:42.454 [main] INFO  o.h.annotations.common.Version.<clinit> - HCANN000001: Hibernate Commons Annotations {5.1.2.Final}
11-07-2024 15:01:43.499 [main] INFO  org.hibernate.dialect.Dialect.<init> - HHH000400: Using dialect: org.hibernate.dialect.MySQL8Dialect
11-07-2024 15:01:44.100 [main] INFO  o.h.validator.internal.util.Version.<clinit> - HV000001: Hibernate Validator 5.4.3.Final
11-07-2024 15:01:45.105 [main] INFO  o.h.e.t.j.p.i.JtaPlatformInitiator.initiateService - HHH000490: Using JtaPlatform implementation: [org.hibernate.engine.transaction.jta.platform.internal.NoJtaPlatform]
11-07-2024 15:01:45.335 [main] INFO  o.s.o.j.LocalContainerEntityManagerFactoryBean.buildNativeEntityManagerFactory - Initialized JPA EntityManagerFactory for persistence unit 'default'
11-07-2024 15:01:45.341 [main] INFO  c.x.x.c.SpringConfiguration.<init> - Created SpringConfiguration
11-07-2024 15:01:45.352 [main] INFO  c.x.x.c.DepartmentAdminController.<init> - Created DepartmentAdminController
11-07-2024 15:01:45.393 [main] INFO  c.x.x.repo.SignUpRepoImpl.<init> - Created SignUpRepoImpl
11-07-2024 15:01:45.394 [main] INFO  c.x.x.service.ImageServiceImpl.<init> - created ImageServiceImpl
11-07-2024 15:01:45.865 [main] INFO  c.x.x.c.SpringConfiguration.viewResolver - Created ViewResolver
11-07-2024 15:01:45.917 [main] INFO  o.s.web.servlet.DispatcherServlet.initServletBean - Completed initialization in 4958 ms
11-07-2024 15:01:56.663 [http-nio-8080-exec-1] INFO  c.x.x.service.EmployeeServiceImpl.findByEmail - Email is found
11-07-2024 15:02:08.496 [http-nio-8080-exec-2] INFO  c.x.x.service.EmployeeServiceImpl.findByEmail - Email is found
11-07-2024 15:02:19.465 [http-nio-8080-exec-4] INFO  c.x.x.service.EmployeeServiceImpl.findByEmail - Email is found
11-07-2024 15:02:38.628 [http-nio-8080-exec-5] INFO  c.x.x.service.EmployeeServiceImpl.findByEmail - Email is found
11-07-2024 15:03:15.855 [Thread-4] INFO  o.s.o.j.LocalContainerEntityManagerFactoryBean.destroy - Closing JPA EntityManagerFactory for persistence unit 'default'
11-07-2024 15:03:24.663 [main] INFO  o.s.web.servlet.DispatcherServlet.initServletBean - Initializing Servlet 'dispatcher'
11-07-2024 15:03:25.488 [main] INFO  c.x.x.configuration.DBConfiguration.<init> - Created DBConfiguration
11-07-2024 15:03:25.545 [main] INFO  c.x.x.configuration.DBConfiguration.dataSource - Data Source is created
11-07-2024 15:03:25.558 [main] INFO  c.x.x.configuration.DBConfiguration.entityManagerFactoryBean - Created LocalContainerEntityManagerFactoryBean
11-07-2024 15:03:25.732 [main] INFO  o.h.jpa.internal.util.LogHelper.logPersistenceUnitInformation - HHH000204: Processing PersistenceUnitInfo [name: default]
11-07-2024 15:03:25.868 [main] INFO  org.hibernate.Version.logVersion - HHH000412: Hibernate ORM core version 5.6.15.Final
11-07-2024 15:03:26.325 [main] INFO  o.h.annotations.common.Version.<clinit> - HCANN000001: Hibernate Commons Annotations {5.1.2.Final}
11-07-2024 15:03:27.441 [main] INFO  org.hibernate.dialect.Dialect.<init> - HHH000400: Using dialect: org.hibernate.dialect.MySQL8Dialect
11-07-2024 15:03:28.086 [main] INFO  o.h.validator.internal.util.Version.<clinit> - HV000001: Hibernate Validator 5.4.3.Final
11-07-2024 15:03:29.210 [main] INFO  o.h.e.t.j.p.i.JtaPlatformInitiator.initiateService - HHH000490: Using JtaPlatform implementation: [org.hibernate.engine.transaction.jta.platform.internal.NoJtaPlatform]
11-07-2024 15:03:29.451 [main] INFO  o.s.o.j.LocalContainerEntityManagerFactoryBean.buildNativeEntityManagerFactory - Initialized JPA EntityManagerFactory for persistence unit 'default'
11-07-2024 15:03:29.457 [main] INFO  c.x.x.c.SpringConfiguration.<init> - Created SpringConfiguration
11-07-2024 15:03:29.469 [main] INFO  c.x.x.c.DepartmentAdminController.<init> - Created DepartmentAdminController
11-07-2024 15:03:29.512 [main] INFO  c.x.x.repo.SignUpRepoImpl.<init> - Created SignUpRepoImpl
11-07-2024 15:03:29.512 [main] INFO  c.x.x.service.ImageServiceImpl.<init> - created ImageServiceImpl
11-07-2024 15:03:30.217 [main] INFO  c.x.x.c.SpringConfiguration.viewResolver - Created ViewResolver
11-07-2024 15:03:30.264 [main] INFO  o.s.web.servlet.DispatcherServlet.initServletBean - Completed initialization in 5595 ms
11-07-2024 15:03:46.622 [http-nio-8080-exec-1] INFO  c.x.x.service.EmployeeServiceImpl.findByEmail - Email is found
11-07-2024 15:38:37.310 [http-nio-8080-exec-4] INFO  c.x.x.service.EmployeeServiceImpl.findByEmail - Email is found
11-07-2024 15:38:48.732 [http-nio-8080-exec-5] INFO  c.x.x.service.EmployeeServiceImpl.findByEmail - Email is found
11-07-2024 15:39:09.127 [http-nio-8080-exec-9] INFO  c.x.x.service.EmployeeServiceImpl.findByEmail - Email is found
11-07-2024 15:39:30.313 [http-nio-8080-exec-1] INFO  c.x.x.service.EmployeeServiceImpl.findByEmail - Email is found
11-07-2024 18:48:48.123 [main] INFO  o.s.web.servlet.DispatcherServlet.initServletBean - Initializing Servlet 'dispatcher'
11-07-2024 18:48:49.036 [main] INFO  c.x.x.configuration.DBConfiguration.<init> - Created DBConfiguration
11-07-2024 18:48:49.094 [main] INFO  c.x.x.configuration.DBConfiguration.dataSource - Data Source is created
11-07-2024 18:48:49.105 [main] INFO  c.x.x.configuration.DBConfiguration.entityManagerFactoryBean - Created LocalContainerEntityManagerFactoryBean
11-07-2024 18:48:49.338 [main] INFO  o.h.jpa.internal.util.LogHelper.logPersistenceUnitInformation - HHH000204: Processing PersistenceUnitInfo [name: default]
11-07-2024 18:48:49.632 [main] INFO  org.hibernate.Version.logVersion - HHH000412: Hibernate ORM core version 5.6.15.Final
11-07-2024 18:48:50.375 [main] INFO  o.h.annotations.common.Version.<clinit> - HCANN000001: Hibernate Commons Annotations {5.1.2.Final}
11-07-2024 18:48:52.341 [main] INFO  org.hibernate.dialect.Dialect.<init> - HHH000400: Using dialect: org.hibernate.dialect.MySQL8Dialect
11-07-2024 18:48:53.376 [main] INFO  o.h.validator.internal.util.Version.<clinit> - HV000001: Hibernate Validator 5.4.3.Final
11-07-2024 18:48:55.053 [main] INFO  o.h.e.t.j.p.i.JtaPlatformInitiator.initiateService - HHH000490: Using JtaPlatform implementation: [org.hibernate.engine.transaction.jta.platform.internal.NoJtaPlatform]
11-07-2024 18:48:55.354 [main] INFO  o.s.o.j.LocalContainerEntityManagerFactoryBean.buildNativeEntityManagerFactory - Initialized JPA EntityManagerFactory for persistence unit 'default'
11-07-2024 18:48:55.360 [main] INFO  c.x.x.c.SpringConfiguration.<init> - Created SpringConfiguration
11-07-2024 18:48:55.375 [main] INFO  c.x.x.c.DepartmentAdminController.<init> - Created DepartmentAdminController
11-07-2024 18:48:55.421 [main] INFO  c.x.x.repo.SignUpRepoImpl.<init> - Created SignUpRepoImpl
11-07-2024 18:48:55.422 [main] INFO  c.x.x.service.ImageServiceImpl.<init> - created ImageServiceImpl
11-07-2024 18:48:56.170 [main] INFO  c.x.x.c.SpringConfiguration.viewResolver - Created ViewResolver
11-07-2024 18:48:56.281 [main] INFO  o.s.web.servlet.DispatcherServlet.initServletBean - Completed initialization in 8149 ms
11-07-2024 18:53:24.655 [http-nio-8080-exec-5] INFO  c.x.x.c.DepartmentAdminController.postAdminSignIn - Passwords are matched
11-07-2024 18:59:09.008 [http-nio-8080-exec-7] WARN  o.s.web.servlet.PageNotFound.noHandlerFound - No mapping for POST /xworkzProject/departmentAdmin/updateDepartmentAndStatus
